;  LST file generated by mikroListExporter - v.2.0 
; Date/Time: 09/05/2022 02:28:47 ã
;----------------------------------------------

;Address Opcode 	ASM
0x0000	0xF001EF59  	GOTO        690
0x0004	0x0000      	NOP
0x0006	0x0000      	NOP
0x0008	0xF000EF00  	GOTO        0
0x000C	0x0000      	NOP
0x000E	0x0000      	NOP
0x0010	0x0000      	NOP
0x0012	0x0000      	NOP
0x0014	0x0000      	NOP
0x0016	0x0000      	NOP
0x0018	0xD7F3      	BRA         0
_Delay_5500us:
0x001C	0x0E0F      	MOVLW       15
0x001E	0x6E0C      	MOVWF       R12, 0
0x0020	0x0E47      	MOVLW       71
0x0022	0x6E0D      	MOVWF       R13, 0
L_Delay_5500us5:
0x0024	0x2E0D      	DECFSZ      R13, 1, 0
0x0026	0xD7FE      	BRA         L_Delay_5500us5
0x0028	0x2E0C      	DECFSZ      R12, 1, 0
0x002A	0xD7FC      	BRA         L_Delay_5500us5
0x002C	0x0000      	NOP
0x002E	0x0000      	NOP
L_end_Delay_5500us:
0x0030	0x0012      	RETURN      0
; end of _Delay_5500us
_Delay_50us:
0x0032	0x0E21      	MOVLW       33
0x0034	0x6E0D      	MOVWF       R13, 0
L_Delay_50us2:
0x0036	0x2E0D      	DECFSZ      R13, 1, 0
0x0038	0xD7FE      	BRA         L_Delay_50us2
L_end_Delay_50us:
0x003A	0x0012      	RETURN      0
; end of _Delay_50us
_Delay_1us:
0x003C	0x0000      	NOP
0x003E	0x0000      	NOP
L_end_Delay_1us:
0x0040	0x0012      	RETURN      0
; end of _Delay_1us
_Lcd_Cmd:
0x0042	0xBE56      	BTFSC       FARG_Lcd_Cmd_out_char, 7 
0x0044	0xD002      	BRA         L__Lcd_Cmd21
0x0046	0x9E83      	BCF         LCD_D7, BitPos(LCD_D7+0) 
0x0048	0xD001      	BRA         L__Lcd_Cmd22
L__Lcd_Cmd21:
0x004A	0x8E83      	BSF         LCD_D7, BitPos(LCD_D7+0) 
L__Lcd_Cmd22:
0x004C	0xBC56      	BTFSC       FARG_Lcd_Cmd_out_char, 6 
0x004E	0xD002      	BRA         L__Lcd_Cmd23
0x0050	0x9C83      	BCF         LCD_D6, BitPos(LCD_D6+0) 
0x0052	0xD001      	BRA         L__Lcd_Cmd24
L__Lcd_Cmd23:
0x0054	0x8C83      	BSF         LCD_D6, BitPos(LCD_D6+0) 
L__Lcd_Cmd24:
0x0056	0xBA56      	BTFSC       FARG_Lcd_Cmd_out_char, 5 
0x0058	0xD002      	BRA         L__Lcd_Cmd25
0x005A	0x9A83      	BCF         LCD_D5, BitPos(LCD_D5+0) 
0x005C	0xD001      	BRA         L__Lcd_Cmd26
L__Lcd_Cmd25:
0x005E	0x8A83      	BSF         LCD_D5, BitPos(LCD_D5+0) 
L__Lcd_Cmd26:
0x0060	0xB856      	BTFSC       FARG_Lcd_Cmd_out_char, 4 
0x0062	0xD002      	BRA         L__Lcd_Cmd27
0x0064	0x9883      	BCF         LCD_D4, BitPos(LCD_D4+0) 
0x0066	0xD001      	BRA         L__Lcd_Cmd28
L__Lcd_Cmd27:
0x0068	0x8883      	BSF         LCD_D4, BitPos(LCD_D4+0) 
L__Lcd_Cmd28:
0x006A	0xB04B      	BTFSC       __Lib_Lcd_cmd_status, BitPos(__Lib_Lcd_cmd_status+0) 
0x006C	0xD002      	BRA         L__Lcd_Cmd29
0x006E	0x8480      	BSF         LCD_RS, BitPos(LCD_RS+0) 
0x0070	0xD001      	BRA         L__Lcd_Cmd30
L__Lcd_Cmd29:
0x0072	0x9480      	BCF         LCD_RS, BitPos(LCD_RS+0) 
L__Lcd_Cmd30:
0x0074	0x8280      	BSF         LCD_EN, BitPos(LCD_EN+0) 
0x0076	0xDFE2      	RCALL       _Delay_1us
0x0078	0x9280      	BCF         LCD_EN, BitPos(LCD_EN+0) 
0x007A	0xB656      	BTFSC       FARG_Lcd_Cmd_out_char, 3 
0x007C	0xD002      	BRA         L__Lcd_Cmd31
0x007E	0x9E83      	BCF         LCD_D7, BitPos(LCD_D7+0) 
0x0080	0xD001      	BRA         L__Lcd_Cmd32
L__Lcd_Cmd31:
0x0082	0x8E83      	BSF         LCD_D7, BitPos(LCD_D7+0) 
L__Lcd_Cmd32:
0x0084	0xB456      	BTFSC       FARG_Lcd_Cmd_out_char, 2 
0x0086	0xD002      	BRA         L__Lcd_Cmd33
0x0088	0x9C83      	BCF         LCD_D6, BitPos(LCD_D6+0) 
0x008A	0xD001      	BRA         L__Lcd_Cmd34
L__Lcd_Cmd33:
0x008C	0x8C83      	BSF         LCD_D6, BitPos(LCD_D6+0) 
L__Lcd_Cmd34:
0x008E	0xB256      	BTFSC       FARG_Lcd_Cmd_out_char, 1 
0x0090	0xD002      	BRA         L__Lcd_Cmd35
0x0092	0x9A83      	BCF         LCD_D5, BitPos(LCD_D5+0) 
0x0094	0xD001      	BRA         L__Lcd_Cmd36
L__Lcd_Cmd35:
0x0096	0x8A83      	BSF         LCD_D5, BitPos(LCD_D5+0) 
L__Lcd_Cmd36:
0x0098	0xB056      	BTFSC       FARG_Lcd_Cmd_out_char, 0 
0x009A	0xD002      	BRA         L__Lcd_Cmd37
0x009C	0x9883      	BCF         LCD_D4, BitPos(LCD_D4+0) 
0x009E	0xD001      	BRA         L__Lcd_Cmd38
L__Lcd_Cmd37:
0x00A0	0x8883      	BSF         LCD_D4, BitPos(LCD_D4+0) 
L__Lcd_Cmd38:
0x00A2	0xB04B      	BTFSC       __Lib_Lcd_cmd_status, BitPos(__Lib_Lcd_cmd_status+0) 
0x00A4	0xD002      	BRA         L__Lcd_Cmd39
0x00A6	0x8480      	BSF         LCD_RS, BitPos(LCD_RS+0) 
0x00A8	0xD001      	BRA         L__Lcd_Cmd40
L__Lcd_Cmd39:
0x00AA	0x9480      	BCF         LCD_RS, BitPos(LCD_RS+0) 
L__Lcd_Cmd40:
0x00AC	0x8280      	BSF         LCD_EN, BitPos(LCD_EN+0) 
0x00AE	0xDFC6      	RCALL       _Delay_1us
0x00B0	0x9280      	BCF         LCD_EN, BitPos(LCD_EN+0) 
0x00B2	0xA04B      	BTFSS       __Lib_Lcd_cmd_status, BitPos(__Lib_Lcd_cmd_status+0) 
0x00B4	0xD002      	BRA         L_Lcd_Cmd0
0x00B6	0xDFB2      	RCALL       _Delay_5500us
0x00B8	0xD001      	BRA         L_Lcd_Cmd1
L_Lcd_Cmd0:
0x00BA	0xDFBB      	RCALL       _Delay_50us
L_Lcd_Cmd1:
L_end_Lcd_Cmd:
0x00BC	0x0012      	RETURN      0
; end of _Lcd_Cmd
_Lcd_Chr_CP:
0x00BE	0x904B      	BCF         __Lib_Lcd_cmd_status, BitPos(__Lib_Lcd_cmd_status+0) 
0x00C0	0xF056C055  	MOVFF       FARG_Lcd_Chr_CP_out_char, FARG_Lcd_Cmd_out_char
0x00C4	0xDFBE      	RCALL       _Lcd_Cmd
0x00C6	0x804B      	BSF         __Lib_Lcd_cmd_status, BitPos(__Lib_Lcd_cmd_status+0) 
L_end_Lcd_Chr_CP:
0x00C8	0x0012      	RETURN      0
; end of _Lcd_Chr_CP
_Div_8X8_U:
0x00CA	0x6A08      	CLRF        R8, 0
0x00CC	0x0E08      	MOVLW       8
0x00CE	0x6E0C      	MOVWF       R12, 0
0x00D0	0x3400      	RLCF        R0, 0, 0
0x00D2	0x3608      	RLCF        R8, 1, 0
0x00D4	0x5004      	MOVF        R4, 0, 0
0x00D6	0x5E08      	SUBWF       R8, 1, 0
0x00D8	0xB0D8      	BTFSC       STATUS, 0, 0
0x00DA	0xD002      	BRA         $+6
0x00DC	0x2608      	ADDWF       R8, 1, 0
0x00DE	0x90D8      	BCF         STATUS, 0, 0
0x00E0	0x3600      	RLCF        R0, 1, 0
0x00E2	0x2E0C      	DECFSZ      R12, 1, 0
0x00E4	0xD7F5      	BRA         $-20
L_end_Div_8X8_U:
0x00E6	0x0012      	RETURN      0
; end of _Div_8X8_U
___CC2DW:
_CC2DL_Loop1:
0x00E8	0x0009      	TBLRD*+
0x00EA	0xFFE6CFF5  	MOVFF       TABLAT, POSTINC1
0x00EE	0x0600      	DECF        R0, 1, 0
0x00F0	0xE1FB      	BNZ         _CC2DL_Loop1
0x00F2	0x0601      	DECF        R1, 1, 0
0x00F4	0xE1F9      	BNZ         _CC2DL_Loop1
L_end___CC2DW:
0x00F6	0x0012      	RETURN      0
; end of ___CC2DW
_Lcd_Init:
0x00F8	0x9292      	BCF         LCD_EN_Direction, BitPos(LCD_EN_Direction+0) 
0x00FA	0x9492      	BCF         LCD_RS_Direction, BitPos(LCD_RS_Direction+0) 
0x00FC	0x9895      	BCF         LCD_D4_Direction, BitPos(LCD_D4_Direction+0) 
0x00FE	0x9A95      	BCF         LCD_D5_Direction, BitPos(LCD_D5_Direction+0) 
0x0100	0x9C95      	BCF         LCD_D6_Direction, BitPos(LCD_D6_Direction+0) 
0x0102	0x9E95      	BCF         LCD_D7_Direction, BitPos(LCD_D7_Direction+0) 
0x0104	0x9280      	BCF         LCD_EN, BitPos(LCD_EN+0) 
0x0106	0x9480      	BCF         LCD_RS, BitPos(LCD_RS+0) 
0x0108	0x9E83      	BCF         LCD_D7, BitPos(LCD_D7+0) 
0x010A	0x9C83      	BCF         LCD_D6, BitPos(LCD_D6+0) 
0x010C	0x9A83      	BCF         LCD_D5, BitPos(LCD_D5+0) 
0x010E	0x9883      	BCF         LCD_D4, BitPos(LCD_D4+0) 
0x0110	0xDF85      	RCALL       _Delay_5500us
0x0112	0xDF84      	RCALL       _Delay_5500us
0x0114	0xDF83      	RCALL       _Delay_5500us
0x0116	0x8A83      	BSF         LCD_D5, BitPos(LCD_D5+0) 
0x0118	0x8883      	BSF         LCD_D4, BitPos(LCD_D4+0) 
0x011A	0x8280      	BSF         LCD_EN, BitPos(LCD_EN+0) 
0x011C	0xDF8F      	RCALL       _Delay_1us
0x011E	0x9280      	BCF         LCD_EN, BitPos(LCD_EN+0) 
0x0120	0xDF7D      	RCALL       _Delay_5500us
0x0122	0x8280      	BSF         LCD_EN, BitPos(LCD_EN+0) 
0x0124	0xDF8B      	RCALL       _Delay_1us
0x0126	0x9280      	BCF         LCD_EN, BitPos(LCD_EN+0) 
0x0128	0xDF79      	RCALL       _Delay_5500us
0x012A	0x8280      	BSF         LCD_EN, BitPos(LCD_EN+0) 
0x012C	0xDF87      	RCALL       _Delay_1us
0x012E	0x9280      	BCF         LCD_EN, BitPos(LCD_EN+0) 
0x0130	0xDF75      	RCALL       _Delay_5500us
0x0132	0x9883      	BCF         LCD_D4, BitPos(LCD_D4+0) 
0x0134	0x8280      	BSF         LCD_EN, BitPos(LCD_EN+0) 
0x0136	0xDF82      	RCALL       _Delay_1us
0x0138	0x9280      	BCF         LCD_EN, BitPos(LCD_EN+0) 
0x013A	0xDF70      	RCALL       _Delay_5500us
0x013C	0x8280      	BSF         LCD_EN, BitPos(LCD_EN+0) 
0x013E	0xDF7E      	RCALL       _Delay_1us
0x0140	0x9280      	BCF         LCD_EN, BitPos(LCD_EN+0) 
0x0142	0x9A83      	BCF         LCD_D5, BitPos(LCD_D5+0) 
0x0144	0x8E83      	BSF         LCD_D7, BitPos(LCD_D7+0) 
0x0146	0x8280      	BSF         LCD_EN, BitPos(LCD_EN+0) 
0x0148	0xDF79      	RCALL       _Delay_1us
0x014A	0x9280      	BCF         LCD_EN, BitPos(LCD_EN+0) 
0x014C	0xDF67      	RCALL       _Delay_5500us
0x014E	0x9E83      	BCF         LCD_D7, BitPos(LCD_D7+0) 
0x0150	0x8883      	BSF         LCD_D4, BitPos(LCD_D4+0) 
0x0152	0x8280      	BSF         LCD_EN, BitPos(LCD_EN+0) 
0x0154	0xDF73      	RCALL       _Delay_1us
0x0156	0x9280      	BCF         LCD_EN, BitPos(LCD_EN+0) 
0x0158	0x9883      	BCF         LCD_D4, BitPos(LCD_D4+0) 
0x015A	0x8280      	BSF         LCD_EN, BitPos(LCD_EN+0) 
0x015C	0xDF6F      	RCALL       _Delay_1us
0x015E	0x9280      	BCF         LCD_EN, BitPos(LCD_EN+0) 
0x0160	0xDF5D      	RCALL       _Delay_5500us
0x0162	0x8280      	BSF         LCD_EN, BitPos(LCD_EN+0) 
0x0164	0xDF6B      	RCALL       _Delay_1us
0x0166	0x9280      	BCF         LCD_EN, BitPos(LCD_EN+0) 
0x0168	0x8883      	BSF         LCD_D4, BitPos(LCD_D4+0) 
0x016A	0x8280      	BSF         LCD_EN, BitPos(LCD_EN+0) 
0x016C	0xDF67      	RCALL       _Delay_1us
0x016E	0x9280      	BCF         LCD_EN, BitPos(LCD_EN+0) 
0x0170	0xDF55      	RCALL       _Delay_5500us
0x0172	0x9883      	BCF         LCD_D4, BitPos(LCD_D4+0) 
0x0174	0x8280      	BSF         LCD_EN, BitPos(LCD_EN+0) 
0x0176	0xDF62      	RCALL       _Delay_1us
0x0178	0x9280      	BCF         LCD_EN, BitPos(LCD_EN+0) 
0x017A	0x8E83      	BSF         LCD_D7, BitPos(LCD_D7+0) 
0x017C	0x8C83      	BSF         LCD_D6, BitPos(LCD_D6+0) 
0x017E	0x8A83      	BSF         LCD_D5, BitPos(LCD_D5+0) 
0x0180	0x8883      	BSF         LCD_D4, BitPos(LCD_D4+0) 
0x0182	0x8280      	BSF         LCD_EN, BitPos(LCD_EN+0) 
0x0184	0xDF5B      	RCALL       _Delay_1us
0x0186	0x9280      	BCF         LCD_EN, BitPos(LCD_EN+0) 
0x0188	0xDF49      	RCALL       _Delay_5500us
0x018A	0x804B      	BSF         __Lib_Lcd_cmd_status, BitPos(__Lib_Lcd_cmd_status+0) 
L_end_Lcd_Init:
0x018C	0x0012      	RETURN      0
; end of _Lcd_Init
_Lcd_Out:
0x018E	0xD00F      	BRA         L_Lcd_Out11
L_Lcd_Out13:
0x0190	0x0E80      	MOVLW       128
0x0192	0x6E50      	MOVWF       FARG_Lcd_Out_row 
0x0194	0xD019      	BRA         L_Lcd_Out12
L_Lcd_Out14:
0x0196	0x0EC0      	MOVLW       192
0x0198	0x6E50      	MOVWF       FARG_Lcd_Out_row 
0x019A	0xD016      	BRA         L_Lcd_Out12
L_Lcd_Out15:
0x019C	0x0E94      	MOVLW       148
0x019E	0x6E50      	MOVWF       FARG_Lcd_Out_row 
0x01A0	0xD013      	BRA         L_Lcd_Out12
L_Lcd_Out16:
0x01A2	0x0ED4      	MOVLW       212
0x01A4	0x6E50      	MOVWF       FARG_Lcd_Out_row 
0x01A6	0xD010      	BRA         L_Lcd_Out12
L_Lcd_Out17:
0x01A8	0x0E80      	MOVLW       128
0x01AA	0x6E50      	MOVWF       FARG_Lcd_Out_row 
0x01AC	0xD00D      	BRA         L_Lcd_Out12
L_Lcd_Out11:
0x01AE	0x5050      	MOVF        FARG_Lcd_Out_row, 0 
0x01B0	0x0A01      	XORLW       1
0x01B2	0xE0EE      	BZ          L_Lcd_Out13
0x01B4	0x5050      	MOVF        FARG_Lcd_Out_row, 0 
0x01B6	0x0A02      	XORLW       2
0x01B8	0xE0EE      	BZ          L_Lcd_Out14
0x01BA	0x5050      	MOVF        FARG_Lcd_Out_row, 0 
0x01BC	0x0A03      	XORLW       3
0x01BE	0xE0EE      	BZ          L_Lcd_Out15
0x01C0	0x5050      	MOVF        FARG_Lcd_Out_row, 0 
0x01C2	0x0A04      	XORLW       4
0x01C4	0xE0EE      	BZ          L_Lcd_Out16
0x01C6	0xD7F0      	BRA         L_Lcd_Out17
L_Lcd_Out12:
0x01C8	0x0451      	DECF        FARG_Lcd_Out_column, 0 
0x01CA	0x6E00      	MOVWF       R0 
0x01CC	0x5050      	MOVF        FARG_Lcd_Out_row, 0 
0x01CE	0x2600      	ADDWF       R0, 1 
0x01D0	0xF050C000  	MOVFF       R0, FARG_Lcd_Out_row
0x01D4	0xF056C000  	MOVFF       R0, FARG_Lcd_Cmd_out_char
0x01D8	0xDF34      	RCALL       _Lcd_Cmd
0x01DA	0x904B      	BCF         __Lib_Lcd_cmd_status, BitPos(__Lib_Lcd_cmd_status+0) 
0x01DC	0x6A54      	CLRF        Lcd_Out_i_L0 
L_Lcd_Out18:
0x01DE	0x5054      	MOVF        Lcd_Out_i_L0, 0 
0x01E0	0x2452      	ADDWF       FARG_Lcd_Out_text, 0 
0x01E2	0x6EE9      	MOVWF       FSR0L 
0x01E4	0x0E00      	MOVLW       0
0x01E6	0x2053      	ADDWFC      FARG_Lcd_Out_text+1, 0 
0x01E8	0x6EEA      	MOVWF       FSR0H 
0x01EA	0x52EE      	MOVF        POSTINC0, 1 
0x01EC	0xE00B      	BZ          L_Lcd_Out19
0x01EE	0x5054      	MOVF        Lcd_Out_i_L0, 0 
0x01F0	0x2452      	ADDWF       FARG_Lcd_Out_text, 0 
0x01F2	0x6EE9      	MOVWF       FSR0L 
0x01F4	0x0E00      	MOVLW       0
0x01F6	0x2053      	ADDWFC      FARG_Lcd_Out_text+1, 0 
0x01F8	0x6EEA      	MOVWF       FSR0H 
0x01FA	0xF055CFEE  	MOVFF       POSTINC0, FARG_Lcd_Chr_CP_out_char
0x01FE	0xDF5F      	RCALL       _Lcd_Chr_CP
0x0200	0x2A54      	INCF        Lcd_Out_i_L0, 1 
0x0202	0xD7ED      	BRA         L_Lcd_Out18
L_Lcd_Out19:
0x0204	0x804B      	BSF         __Lib_Lcd_cmd_status, BitPos(__Lib_Lcd_cmd_status+0) 
L_end_Lcd_Out:
0x0206	0x0012      	RETURN      0
; end of _Lcd_Out
_Lcd_Chr:
0x0208	0xD00F      	BRA         L_Lcd_Chr4
L_Lcd_Chr6:
0x020A	0x0E80      	MOVLW       128
0x020C	0x6E50      	MOVWF       FARG_Lcd_Chr_row 
0x020E	0xD019      	BRA         L_Lcd_Chr5
L_Lcd_Chr7:
0x0210	0x0EC0      	MOVLW       192
0x0212	0x6E50      	MOVWF       FARG_Lcd_Chr_row 
0x0214	0xD016      	BRA         L_Lcd_Chr5
L_Lcd_Chr8:
0x0216	0x0E94      	MOVLW       148
0x0218	0x6E50      	MOVWF       FARG_Lcd_Chr_row 
0x021A	0xD013      	BRA         L_Lcd_Chr5
L_Lcd_Chr9:
0x021C	0x0ED4      	MOVLW       212
0x021E	0x6E50      	MOVWF       FARG_Lcd_Chr_row 
0x0220	0xD010      	BRA         L_Lcd_Chr5
L_Lcd_Chr10:
0x0222	0x0E80      	MOVLW       128
0x0224	0x6E50      	MOVWF       FARG_Lcd_Chr_row 
0x0226	0xD00D      	BRA         L_Lcd_Chr5
L_Lcd_Chr4:
0x0228	0x5050      	MOVF        FARG_Lcd_Chr_row, 0 
0x022A	0x0A01      	XORLW       1
0x022C	0xE0EE      	BZ          L_Lcd_Chr6
0x022E	0x5050      	MOVF        FARG_Lcd_Chr_row, 0 
0x0230	0x0A02      	XORLW       2
0x0232	0xE0EE      	BZ          L_Lcd_Chr7
0x0234	0x5050      	MOVF        FARG_Lcd_Chr_row, 0 
0x0236	0x0A03      	XORLW       3
0x0238	0xE0EE      	BZ          L_Lcd_Chr8
0x023A	0x5050      	MOVF        FARG_Lcd_Chr_row, 0 
0x023C	0x0A04      	XORLW       4
0x023E	0xE0EE      	BZ          L_Lcd_Chr9
0x0240	0xD7F0      	BRA         L_Lcd_Chr10
L_Lcd_Chr5:
0x0242	0x0451      	DECF        FARG_Lcd_Chr_column, 0 
0x0244	0x6E00      	MOVWF       R0 
0x0246	0x5050      	MOVF        FARG_Lcd_Chr_row, 0 
0x0248	0x2600      	ADDWF       R0, 1 
0x024A	0xF050C000  	MOVFF       R0, FARG_Lcd_Chr_row
0x024E	0x804B      	BSF         __Lib_Lcd_cmd_status, BitPos(__Lib_Lcd_cmd_status+0) 
0x0250	0xF056C000  	MOVFF       R0, FARG_Lcd_Cmd_out_char
0x0254	0xDEF6      	RCALL       _Lcd_Cmd
0x0256	0x904B      	BCF         __Lib_Lcd_cmd_status, BitPos(__Lib_Lcd_cmd_status+0) 
0x0258	0xF056C052  	MOVFF       FARG_Lcd_Chr_out_char, FARG_Lcd_Cmd_out_char
0x025C	0xDEF2      	RCALL       _Lcd_Cmd
0x025E	0x804B      	BSF         __Lib_Lcd_cmd_status, BitPos(__Lib_Lcd_cmd_status+0) 
L_end_Lcd_Chr:
0x0260	0x0012      	RETURN      0
; end of _Lcd_Chr
_Mul_16X16_U:
0x0262	0x6A0B      	CLRF        R11, 0
0x0264	0x6A0A      	CLRF        R10, 0
0x0266	0x6A09      	CLRF        R9, 0
0x0268	0x5000      	MOVF        R0, 0, 0
0x026A	0x0204      	MULWF       R4, 0
0x026C	0xF009CFF4  	MOVFF       PRODH, R9
0x0270	0xF008CFF3  	MOVFF       PRODL, R8
0x0274	0x5001      	MOVF        R1, 0, 0
0x0276	0x0205      	MULWF       R5, 0
0x0278	0xF00BCFF4  	MOVFF       PRODH, R11
0x027C	0xF00ACFF3  	MOVFF       PRODL, R10
0x0280	0x5000      	MOVF        R0, 0, 0
0x0282	0x0205      	MULWF       R5, 0
0x0284	0x50F3      	MOVF        PRODL, 0, 0
0x0286	0x2609      	ADDWF       R9, 1, 0
0x0288	0x50F4      	MOVF        PRODH, 0, 0
0x028A	0x220A      	ADDWFC      R10, 1, 0
0x028C	0x6AE8      	CLRF        WREG, 0
0x028E	0x220B      	ADDWFC      R11, 1, 0
0x0290	0x5001      	MOVF        R1, 0, 0
0x0292	0x0204      	MULWF       R4, 0
0x0294	0x50F3      	MOVF        PRODL, 0, 0
0x0296	0x2609      	ADDWF       R9, 1, 0
0x0298	0x50F4      	MOVF        PRODH, 0, 0
0x029A	0x220A      	ADDWFC      R10, 1, 0
0x029C	0x6AE8      	CLRF        WREG, 0
0x029E	0x220B      	ADDWFC      R11, 1, 0
0x02A0	0xF000C008  	MOVFF       R8, R0
0x02A4	0xF001C009  	MOVFF       R9, R1
0x02A8	0xF002C00A  	MOVFF       R10, R2
0x02AC	0xF003C00B  	MOVFF       R11, R3
L_end_Mul_16X16_U:
0x02B0	0x0012      	RETURN      0
; end of _Mul_16X16_U
_main:
0x02B2	0xF002EC79  	CALL        1266, 0
0x02B6	0xDF20      	RCALL       _Lcd_Init
0x02B8	0x6A7F      	CLRF        ANSELH 
0x02BA	0x6A7E      	CLRF        ANSEL 
0x02BC	0x0EFF      	MOVLW       255
0x02BE	0x6E93      	MOVWF       TRISB 
0x02C0	0x0E01      	MOVLW       1
0x02C2	0x6E56      	MOVWF       FARG_Lcd_Cmd_out_char 
0x02C4	0xDEBE      	RCALL       _Lcd_Cmd
0x02C6	0x0E0C      	MOVLW       12
0x02C8	0x6E56      	MOVWF       FARG_Lcd_Cmd_out_char 
0x02CA	0xDEBB      	RCALL       _Lcd_Cmd
L_main0:
0x02CC	0x6A4A      	CLRF        _i 
0x02CE	0x0E01      	MOVLW       1
0x02D0	0x6E50      	MOVWF       FARG_Lcd_Out_row 
0x02D2	0x0E01      	MOVLW       1
0x02D4	0x6E51      	MOVWF       FARG_Lcd_Out_column 
0x02D6	0x0E1A      	MOVLW       ?lstr1_password
0x02D8	0x6E52      	MOVWF       FARG_Lcd_Out_text 
0x02DA	0x0E00      	MOVLW       hi_addr(?lstr1_password)
0x02DC	0x6E53      	MOVWF       FARG_Lcd_Out_text+1 
0x02DE	0xDF57      	RCALL       _Lcd_Out
0x02E0	0x0E01      	MOVLW       1
0x02E2	0x6E50      	MOVWF       FARG_Lcd_Out_row 
0x02E4	0x0E0B      	MOVLW       11
0x02E6	0x6E51      	MOVWF       FARG_Lcd_Out_column 
0x02E8	0x0E15      	MOVLW       ?lstr2_password
0x02EA	0x6E52      	MOVWF       FARG_Lcd_Out_text 
0x02EC	0x0E00      	MOVLW       hi_addr(?lstr2_password)
0x02EE	0x6E53      	MOVWF       FARG_Lcd_Out_text+1 
0x02F0	0xDF4E      	RCALL       _Lcd_Out
0x02F2	0xAA81      	BTFSS       PORTB, 5 
0x02F4	0xD0E1      	BRA         L_main2
0x02F6	0x0E03      	MOVLW       3
0x02F8	0x6E0B      	MOVWF       R11, 0
0x02FA	0x0E8A      	MOVLW       138
0x02FC	0x6E0C      	MOVWF       R12, 0
0x02FE	0x0E55      	MOVLW       85
0x0300	0x6E0D      	MOVWF       R13, 0
L_main3:
0x0302	0x2E0D      	DECFSZ      R13, 1, 0
0x0304	0xD7FE      	BRA         L_main3
0x0306	0x2E0C      	DECFSZ      R12, 1, 0
0x0308	0xD7FC      	BRA         L_main3
0x030A	0x2E0B      	DECFSZ      R11, 1, 0
0x030C	0xD7FA      	BRA         L_main3
0x030E	0x0000      	NOP
0x0310	0x0000      	NOP
L_main4:
0x0312	0x0E04      	MOVLW       4
0x0314	0x5C4A      	SUBWF       _i, 0 
0x0316	0xB0D8      	BTFSC       STATUS, 0 
0x0318	0xD07B      	BRA         L_main5
0x031A	0xAA81      	BTFSS       PORTB, 5 
0x031C	0xD005      	BRA         L_main6
L_main7:
0x031E	0xAA81      	BTFSS       PORTB, 5 
0x0320	0xD001      	BRA         L_main8
0x0322	0xD7FD      	BRA         L_main7
L_main8:
0x0324	0x2A4A      	INCF        _i, 1 
0x0326	0xD03E      	BRA         L_main9
L_main6:
0x0328	0xA881      	BTFSS       PORTB, 4 
0x032A	0xD03C      	BRA         L_main10
0x032C	0x0E06      	MOVLW       6
0x032E	0x6E0B      	MOVWF       R11, 0
0x0330	0x0E13      	MOVLW       19
0x0332	0x6E0C      	MOVWF       R12, 0
0x0334	0x0EAD      	MOVLW       173
0x0336	0x6E0D      	MOVWF       R13, 0
L_main11:
0x0338	0x2E0D      	DECFSZ      R13, 1, 0
0x033A	0xD7FE      	BRA         L_main11
0x033C	0x2E0C      	DECFSZ      R12, 1, 0
0x033E	0xD7FC      	BRA         L_main11
0x0340	0x2E0B      	DECFSZ      R11, 1, 0
0x0342	0xD7FA      	BRA         L_main11
0x0344	0x0000      	NOP
0x0346	0x0000      	NOP
0x0348	0x0E24      	MOVLW       _password
0x034A	0x6E01      	MOVWF       R1 
0x034C	0x0E00      	MOVLW       hi_addr(_password)
0x034E	0x6E02      	MOVWF       R2 
0x0350	0x504A      	MOVF        _i, 0 
0x0352	0x2601      	ADDWF       R1, 1 
0x0354	0xB0D8      	BTFSC       STATUS, 0 
0x0356	0x2A02      	INCF        R2, 1 
0x0358	0xFFE9C001  	MOVFF       R1, FSR0L
0x035C	0xFFEAC002  	MOVFF       R2, FSR0H
0x0360	0x50EE      	MOVF        POSTINC0, 0 
0x0362	0x0F01      	ADDLW       1
0x0364	0x6E00      	MOVWF       R0 
0x0366	0xFFE1C001  	MOVFF       R1, FSR1L
0x036A	0xFFE2C002  	MOVFF       R2, FSR1H
0x036E	0xFFE6C000  	MOVFF       R0, POSTINC1
0x0372	0x0E24      	MOVLW       _password
0x0374	0x6E4E      	MOVWF       FLOC__main 
0x0376	0x0E00      	MOVLW       hi_addr(_password)
0x0378	0x6E4F      	MOVWF       FLOC__main+1 
0x037A	0x504A      	MOVF        _i, 0 
0x037C	0x264E      	ADDWF       FLOC__main, 1 
0x037E	0xB0D8      	BTFSC       STATUS, 0 
0x0380	0x2A4F      	INCF        FLOC__main+1, 1 
0x0382	0xFFE9C04E  	MOVFF       FLOC__main, FSR0L
0x0386	0xFFEAC04F  	MOVFF       FLOC__main+1, FSR0H
0x038A	0xF000CFEE  	MOVFF       POSTINC0, R0
0x038E	0x0E0A      	MOVLW       10
0x0390	0x6E04      	MOVWF       R4 
0x0392	0xDE9B      	RCALL       _Div_8X8_U
0x0394	0xF000C008  	MOVFF       R8, R0
0x0398	0xFFE1C04E  	MOVFF       FLOC__main, FSR1L
0x039C	0xFFE2C04F  	MOVFF       FLOC__main+1, FSR1H
0x03A0	0xFFE6C000  	MOVFF       R0, POSTINC1
L_main10:
L_main9:
0x03A4	0x0E01      	MOVLW       1
0x03A6	0x6E50      	MOVWF       FARG_Lcd_Chr_row 
0x03A8	0x504A      	MOVF        _i, 0 
0x03AA	0x0F0B      	ADDLW       11
0x03AC	0x6E51      	MOVWF       FARG_Lcd_Chr_column 
0x03AE	0x0E20      	MOVLW       32
0x03B0	0x6E52      	MOVWF       FARG_Lcd_Chr_out_char 
0x03B2	0xDF2A      	RCALL       _Lcd_Chr
0x03B4	0x0E03      	MOVLW       3
0x03B6	0x6E0B      	MOVWF       R11, 0
0x03B8	0x0E8A      	MOVLW       138
0x03BA	0x6E0C      	MOVWF       R12, 0
0x03BC	0x0E55      	MOVLW       85
0x03BE	0x6E0D      	MOVWF       R13, 0
L_main12:
0x03C0	0x2E0D      	DECFSZ      R13, 1, 0
0x03C2	0xD7FE      	BRA         L_main12
0x03C4	0x2E0C      	DECFSZ      R12, 1, 0
0x03C6	0xD7FC      	BRA         L_main12
0x03C8	0x2E0B      	DECFSZ      R11, 1, 0
0x03CA	0xD7FA      	BRA         L_main12
0x03CC	0x0000      	NOP
0x03CE	0x0000      	NOP
0x03D0	0x0E01      	MOVLW       1
0x03D2	0x6E50      	MOVWF       FARG_Lcd_Chr_row 
0x03D4	0x504A      	MOVF        _i, 0 
0x03D6	0x0F0B      	ADDLW       11
0x03D8	0x6E51      	MOVWF       FARG_Lcd_Chr_column 
0x03DA	0x0E24      	MOVLW       _password
0x03DC	0x6EE9      	MOVWF       FSR0L 
0x03DE	0x0E00      	MOVLW       hi_addr(_password)
0x03E0	0x6EEA      	MOVWF       FSR0H 
0x03E2	0x504A      	MOVF        _i, 0 
0x03E4	0x26E9      	ADDWF       FSR0L, 1 
0x03E6	0xB0D8      	BTFSC       STATUS, 0 
0x03E8	0x2AEA      	INCF        FSR0H, 1 
0x03EA	0x0E30      	MOVLW       48
0x03EC	0x24EE      	ADDWF       POSTINC0, 0 
0x03EE	0x6E52      	MOVWF       FARG_Lcd_Chr_out_char 
0x03F0	0xDF0B      	RCALL       _Lcd_Chr
0x03F2	0x0E03      	MOVLW       3
0x03F4	0x6E0B      	MOVWF       R11, 0
0x03F6	0x0E8A      	MOVLW       138
0x03F8	0x6E0C      	MOVWF       R12, 0
0x03FA	0x0E55      	MOVLW       85
0x03FC	0x6E0D      	MOVWF       R13, 0
L_main13:
0x03FE	0x2E0D      	DECFSZ      R13, 1, 0
0x0400	0xD7FE      	BRA         L_main13
0x0402	0x2E0C      	DECFSZ      R12, 1, 0
0x0404	0xD7FC      	BRA         L_main13
0x0406	0x2E0B      	DECFSZ      R11, 1, 0
0x0408	0xD7FA      	BRA         L_main13
0x040A	0x0000      	NOP
0x040C	0x0000      	NOP
0x040E	0xD781      	BRA         L_main4
L_main5:
0x0410	0x0EE8      	MOVLW       232
0x0412	0x6E00      	MOVWF       R0 
0x0414	0x0E03      	MOVLW       3
0x0416	0x6E01      	MOVWF       R1 
0x0418	0xF004C024  	MOVFF       _password, R4
0x041C	0x0E00      	MOVLW       0
0x041E	0x6E05      	MOVWF       R5 
0x0420	0xDF20      	RCALL       _Mul_16X16_U
0x0422	0x0E64      	MOVLW       100
0x0424	0x0225      	MULWF       _password+1 
0x0426	0xF002CFF3  	MOVFF       PRODL, R2
0x042A	0xF003CFF4  	MOVFF       PRODH, R3
0x042E	0x5002      	MOVF        R2, 0 
0x0430	0x2400      	ADDWF       R0, 0 
0x0432	0x6E4C      	MOVWF       _input_pass 
0x0434	0x5003      	MOVF        R3, 0 
0x0436	0x2001      	ADDWFC      R1, 0 
0x0438	0x6E4D      	MOVWF       _input_pass+1 
0x043A	0x0E0A      	MOVLW       10
0x043C	0x0226      	MULWF       _password+2 
0x043E	0xF000CFF3  	MOVFF       PRODL, R0
0x0442	0xF001CFF4  	MOVFF       PRODH, R1
0x0446	0x5000      	MOVF        R0, 0 
0x0448	0x264C      	ADDWF       _input_pass, 1 
0x044A	0x5001      	MOVF        R1, 0 
0x044C	0x224D      	ADDWFC      _input_pass+1, 1 
0x044E	0x5027      	MOVF        _password+3, 0 
0x0450	0x264C      	ADDWF       _input_pass, 1 
0x0452	0x0E00      	MOVLW       0
0x0454	0x224D      	ADDWFC      _input_pass+1, 1 
0x0456	0x0E01      	MOVLW       1
0x0458	0x6E56      	MOVWF       FARG_Lcd_Cmd_out_char 
0x045A	0xDDF3      	RCALL       _Lcd_Cmd
0x045C	0x504D      	MOVF        _input_pass+1, 0 
0x045E	0x1849      	XORWF       _correct_pass+1, 0 
0x0460	0xE102      	BNZ         L__main18
0x0462	0x5048      	MOVF        _correct_pass, 0 
0x0464	0x184C      	XORWF       _input_pass, 0 
L__main18:
0x0466	0xE10A      	BNZ         L_main14
0x0468	0x0E01      	MOVLW       1
0x046A	0x6E50      	MOVWF       FARG_Lcd_Out_row 
0x046C	0x0E01      	MOVLW       1
0x046E	0x6E51      	MOVWF       FARG_Lcd_Out_column 
0x0470	0x0E37      	MOVLW       _txt1
0x0472	0x6E52      	MOVWF       FARG_Lcd_Out_text 
0x0474	0x0E00      	MOVLW       hi_addr(_txt1)
0x0476	0x6E53      	MOVWF       FARG_Lcd_Out_text+1 
0x0478	0xDE8A      	RCALL       _Lcd_Out
0x047A	0xD009      	BRA         L_main15
L_main14:
0x047C	0x0E01      	MOVLW       1
0x047E	0x6E50      	MOVWF       FARG_Lcd_Out_row 
0x0480	0x0E01      	MOVLW       1
0x0482	0x6E51      	MOVWF       FARG_Lcd_Out_column 
0x0484	0x0E28      	MOVLW       _txt2
0x0486	0x6E52      	MOVWF       FARG_Lcd_Out_text 
0x0488	0x0E00      	MOVLW       hi_addr(_txt2)
0x048A	0x6E53      	MOVWF       FARG_Lcd_Out_text+1 
0x048C	0xDE80      	RCALL       _Lcd_Out
L_main15:
0x048E	0x0E0B      	MOVLW       11
0x0490	0x6E0B      	MOVWF       R11, 0
0x0492	0x0E26      	MOVLW       38
0x0494	0x6E0C      	MOVWF       R12, 0
0x0496	0x0E5D      	MOVLW       93
0x0498	0x6E0D      	MOVWF       R13, 0
L_main16:
0x049A	0x2E0D      	DECFSZ      R13, 1, 0
0x049C	0xD7FE      	BRA         L_main16
0x049E	0x2E0C      	DECFSZ      R12, 1, 0
0x04A0	0xD7FC      	BRA         L_main16
0x04A2	0x2E0B      	DECFSZ      R11, 1, 0
0x04A4	0xD7FA      	BRA         L_main16
0x04A6	0x0000      	NOP
0x04A8	0x0000      	NOP
0x04AA	0x6A24      	CLRF        _password 
0x04AC	0x6A25      	CLRF        _password+1 
0x04AE	0x6A26      	CLRF        _password+2 
0x04B0	0x6A27      	CLRF        _password+3 
0x04B2	0x0E01      	MOVLW       1
0x04B4	0x6E56      	MOVWF       FARG_Lcd_Cmd_out_char 
0x04B6	0xDDC5      	RCALL       _Lcd_Cmd
L_main2:
0x04B8	0xD709      	BRA         L_main0
L_end_main:
0x04BA	0xD7FF      	BRA         $+0
; end of _main
0x04F2	0xF015EE10  	LFSR        1, 21
0x04F6	0x0E35      	MOVLW       53
0x04F8	0x6E00      	MOVWF       R0 
0x04FA	0x0E01      	MOVLW       1
0x04FC	0x6E01      	MOVWF       R1 
0x04FE	0x0EBC      	MOVLW       188
0x0500	0x6EF6      	MOVWF       4086 
0x0502	0x0E04      	MOVLW       4
0x0504	0x6EF7      	MOVWF       TBLPTRH 
0x0506	0x0E00      	MOVLW       0
0x0508	0x6EF8      	MOVWF       TBLPTRU 
0x050A	0xF000EC74  	CALL        232, 0
0x050E	0x0012      	RETURN      0
;password.c,0 :: ?ICS?lstr2_password
0x04BC	0x2A2A ;?ICS?lstr2_password+0
0x04BE	0x2A2A ;?ICS?lstr2_password+2
0x04C0	0x00 ;?ICS?lstr2_password+4
; end of ?ICS?lstr2_password
;password.c,0 :: ?ICS?lstr1_password
0x04C1	0x6170 ;?ICS?lstr1_password+0
0x04C3	0x7373 ;?ICS?lstr1_password+2
0x04C5	0x6F77 ;?ICS?lstr1_password+4
0x04C7	0x6472 ;?ICS?lstr1_password+6
0x04C9	0x003A ;?ICS?lstr1_password+8
; end of ?ICS?lstr1_password
;password.c,0 :: ?ICS_password
0x04CB	0x0000 ;?ICS_password+0
0x04CD	0x0000 ;?ICS_password+2
; end of ?ICS_password
;password.c,0 :: ?ICS_txt2
0x04CF	0x7277 ;?ICS_txt2+0
0x04D1	0x6E6F ;?ICS_txt2+2
0x04D3	0x2067 ;?ICS_txt2+4
0x04D5	0x6170 ;?ICS_txt2+6
0x04D7	0x7373 ;?ICS_txt2+8
0x04D9	0x6F77 ;?ICS_txt2+10
0x04DB	0x6472 ;?ICS_txt2+12
0x04DD	0x00 ;?ICS_txt2+14
; end of ?ICS_txt2
;password.c,0 :: ?ICS_txt1
0x04DE	0x6F63 ;?ICS_txt1+0
0x04E0	0x7272 ;?ICS_txt1+2
0x04E2	0x6365 ;?ICS_txt1+4
0x04E4	0x2074 ;?ICS_txt1+6
0x04E6	0x6170 ;?ICS_txt1+8
0x04E8	0x7373 ;?ICS_txt1+10
0x04EA	0x6F77 ;?ICS_txt1+12
0x04EC	0x6472 ;?ICS_txt1+14
0x04EE	0x00 ;?ICS_txt1+16
; end of ?ICS_txt1
;password.c,0 :: ?ICS_correct_pass
0x04EF	0x04D2 ;?ICS_correct_pass+0
; end of ?ICS_correct_pass
Symbol List:
//** Routines locations **
//ADDRESS    SIZE    PROCEDURE
//----------------------------------------------
0x001C      [22]    _Delay_5500us
0x0032      [10]    _Delay_50us
0x003C       [6]    _Delay_1us
0x0042     [124]    _Lcd_Cmd
0x00BE      [12]    _Lcd_Chr_CP
0x00CA      [30]    _Div_8X8_U
0x00E8      [16]    ___CC2DW
0x00F8     [150]    _Lcd_Init
0x018E     [122]    _Lcd_Out
0x0208      [90]    _Lcd_Chr
0x0262      [80]    _Mul_16X16_U
0x02B2     [522]    _main
//** Variables locations ** 
//ADDRESS    SIZE    VARIABLE
//----------------------------------------------
0x0000       [1]    UART1_Init_tmp_L0
0x0000       [1]    __Lib_SoftI2C_PutZerosToLATSda_temp_sda_L0
0x0000       [1]    __Lib_SoftI2C_PutZerosToLATScl_temp_scl_L0
0x0000       [1]    R0
0x0000       [1]    EEPROM_Write_SaveINTCON_L0
0x0000       [1]    FLASH_Erase_64_SaveINTCON_L0
0x0000       [1]    SPI1_Write_tmp_L0
0x0001       [1]    UART1_Read___tmp_UART1_Read_L0
0x0001       [1]    __Lib_PS2_Wait_Falling_nsample_L0
0x0001       [2]    FLASH_Read_N_Bytes_i_L0
0x0001       [1]    __Lib_TFT_JPEG_FileRead_i_L0
0x0001       [1]    __Lib_TFT_JPEG_FileReadBytes_Result_L0
0x0001       [1]    __Lib_TFT_16bit_JPEG_FileRead_i_L0
0x0001       [1]    FLASH_Write_64_i_L0
0x0001       [1]    ispunct_rslt_L0
0x0001       [1]    FLASH_Erase_Write_64_i_L0
0x0001       [1]    __Lib_TFT_16bit_JPEG_FileReadBytes_Result_L0
0x0001       [1]    R1
0x0002       [2]    __Lib_FT800_alt_memset_pp_L0
0x0002       [2]    __Lib_FT800_alt_memcpy_dd_L0
0x0002       [1]    R2
0x0002       [2]    __Lib_FAT32_alt_strlen_cp_L0
0x0002       [2]    __Lib_FT812_alt_strlen_cp_L0
0x0002       [2]    __Lib_FT812_alt_memset_pp_L0
0x0002       [2]    __Lib_FT812_alt_memcpy_dd_L0
0x0002       [2]    memcpy_dd_L0
0x0002       [1]    FLASH_Write_64_SaveINTCON_L0
0x0002       [2]    strlen_cp_L0
0x0002       [1]    FLASH_Erase_Write_64_j_L0
0x0002       [2]    __Lib_FAT32_constToVar_tmp_L0
0x0002       [2]    __Lib_FT810_alt_memcpy_dd_L0
0x0002       [2]    __Lib_FT810_alt_memset_pp_L0
0x0002       [2]    __Lib_TFT_Defs_Read_From_Port_dataPort_L0
0x0002       [2]    memset_pp_L0
0x0002       [2]    memchr_s_L0
0x0002       [2]    __Lib_FAT32_alt_memcpy_dd_L0
0x0002       [2]    __Lib_FT800_alt_strlen_cp_L0
0x0002       [2]    __Lib_FT810_alt_strlen_cp_L0
0x0002       [2]    __Lib_FAT32_alt_memset_pp_L0
0x0002       [1]    __Lib_FAT32_alt_isLfnSpecific_i_L0
0x0002       [1]    __Lib_FAT32_alt_isName83Specific_i_L0
0x0003       [1]    R3
0x0003       [1]    __Lib_Sprinti_?FLOC____Lib_Sprinti_Do_FillT29
0x0003       [2]    __Lib_MmcFat16_f16_toInt_l_L0
0x0003       [2]    MM_TotalFreeMemSize_Tot_L0
0x0003       [1]    MM_Init_i_L0
0x0003       [2]    __Lib_FAT32_UI16_result_L0
0x0003       [1]    FLASH_Erase_Write_64_SaveINTCON_L0
0x0003       [4]    FT810_Canvas_SurrRect_minX_L0
0x0003       [4]    FT800_Canvas_SurrRect_minX_L0
0x0003       [2]    Ltrim_original_L0
0x0003       [4]    FT812_Canvas_SurrRect_minX_L0
0x0003       [2]    memmove_tt_L0
0x0004       [2]    strncat_cp_L0
0x0004       [2]    strcpy_cp_L0
0x0004       [1]    R4
0x0004       [1]    __Lib_FAT32_LE_calculateChecksum_chksum_L0
0x0004       [2]    __Lib_MemManager_MM_GetMemAlign_P_L0
0x0004       [2]    __Lib_FT800_alt_memcpy_ss_L0
0x0004       [3]    __Lib_FT810_alt_strlen_const_cp_L0
0x0004       [2]    memcpy_ss_L0
0x0004       [2]    __Lib_FT812_alt_memcpy_ss_L0
0x0004       [2]    __Lib_FAT32_alt_memcpy_ss_L0
0x0004       [2]    __Lib_FT810_alt_memcpy_ss_L0
0x0004       [2]    frexp_pom_L0
0x0004       [1]    __Lib_Sprinti_?FLOC____Lib_Sprinti_Do_FillT40
0x0004       [3]    __Lib_FT800_alt_strlen_const_cp_L0
0x0004       [2]    strncpy_cp_L0
0x0004       [2]    strcat_cp_L0
0x0004       [3]    __Lib_FT812_alt_strlen_const_cp_L0
0x0005       [2]    Ltrim_p_L0
0x0005       [1]    __Lib_FAT32_LE_calculateChecksum_i_L0
0x0005       [1]    __Lib_Sprinti_?FLOC____Lib_Sprinti_Do_FillT54
0x0005       [2]    memmove_ff_L0
0x0005       [2]    LongIntToHex_input_half_L0
0x0005       [2]    LongWordToHex_input_half_L0
0x0005       [1]    R5
0x0005       [1]    __Lib_FAT32_PO2_po2_L0
0x0005       [1]    MM_TotalFreeMemSize_i_L0
0x0005       [2]    __Lib_TFT_16bit_Defs_Read_From_Port_dataPort_Lo_L0
0x0006       [1]    __Lib_MemManager_MM_GetMemAlign_i_L0
0x0006       [1]    __Lib_Sprinti_?FLOC____Lib_Sprinti_Do_FillT69
0x0006       [1]    R6
0x0006       [4]    __Lib_FAT32_PO2_i_L0
0x0007       [1]    __Lib_TFT_JPEG_GenerateHuffmanTables_bLength_L0
0x0007       [2]    __Lib_TFT_16bit_Defs_Read_From_Port_dataPort_Hi_L0
0x0007       [4]    FT812_Canvas_SurrRect_minY_L0
0x0007       [4]    FT810_Canvas_SurrRect_minY_L0
0x0007       [1]    R7
0x0007       [4]    FT800_Canvas_SurrRect_minY_L0
0x0007       [1]    __Lib_TFT_16bit_JPEG_GenerateHuffmanTables_bLength_L0
0x0008       [1]    __Lib_TFT_JPEG_GenerateHuffmanTables_bTable_L0
0x0008       [1]    R8
0x0008       [1]    __Lib_TFT_16bit_JPEG_GenerateHuffmanTables_bTable_L0
0x0009       [4]    __Lib_MmcFat16_f16_toLong_l_L0
0x0009       [1]    R9
0x0009       [4]    __Lib_FAT32_UI32_result_L0
0x000A       [1]    R10
0x000B       [4]    FT810_Canvas_SurrRect_maxX_L0
0x000B       [4]    FT812_Canvas_SurrRect_maxX_L0
0x000B       [1]    R11
0x000B       [4]    FT800_Canvas_SurrRect_maxX_L0
0x000C       [1]    R12
0x000D       [1]    R13
0x000E       [1]    R14
0x000F       [4]    FT800_Canvas_SurrRect_maxY_L0
0x000F       [4]    FT810_Canvas_SurrRect_maxY_L0
0x000F       [1]    R15
0x000F       [4]    FT812_Canvas_SurrRect_maxY_L0
0x0010       [1]    R16
0x0011       [1]    R17
0x0012       [1]    R18
0x0013       [1]    R19
0x0014       [1]    R20
0x0015       [5]    ?lstr2_password
0x001A      [10]    ?lstr1_password
0x0024       [4]    _password
0x0028      [15]    _txt2
0x0037      [17]    _txt1
0x0048       [2]    _correct_pass
0x004A       [1]    _i
0x004B       [0]    __Lib_Lcd_cmd_status
0x004C       [2]    _input_pass
0x004E       [2]    FLOC__main
0x0050       [1]    FARG_Lcd_Chr_row
0x0050       [1]    FARG_Lcd_Out_row
0x0051       [1]    FARG_Lcd_Chr_column
0x0051       [1]    FARG_Lcd_Out_column
0x0052       [2]    FARG_Lcd_Out_text
0x0052       [1]    FARG_Lcd_Chr_out_char
0x0054       [1]    Lcd_Out_i_L0
0x0055       [1]    FARG_Lcd_Chr_CP_out_char
0x0056       [1]    FARG_Lcd_Cmd_out_char
0x0F7E       [1]    ANSEL
0x0F7F       [1]    ANSELH
0x0F80       [0]    LCD_EN
0x0F80       [0]    LCD_RS
0x0F80       [1]    PORTA
0x0F81       [1]    PORTB
0x0F81       [0]    ok
0x0F81       [0]    input
0x0F83       [0]    LCD_D5
0x0F83       [1]    PORTD
0x0F83       [0]    LCD_D7
0x0F83       [0]    LCD_D6
0x0F83       [0]    LCD_D4
0x0F92       [0]    LCD_RS_Direction
0x0F92       [0]    LCD_EN_Direction
0x0F92       [1]    TRISA
0x0F93       [1]    TRISB
0x0F95       [1]    TRISD
0x0F95       [0]    LCD_D7_Direction
0x0F95       [0]    LCD_D6_Direction
0x0F95       [0]    LCD_D5_Direction
0x0F95       [0]    LCD_D4_Direction
0x0FD8       [1]    STATUS
0x0FD9       [1]    FSR2L
0x0FDA       [1]    FSR2H
0x0FDE       [1]    POSTINC2
0x0FE0       [1]    BSR
0x0FE1       [1]    FSR1L
0x0FE2       [1]    FSR1H
0x0FE4       [1]    PREINC1
0x0FE6       [1]    POSTINC1
0x0FE7       [1]    INDF1
0x0FE8       [1]    WREG
0x0FE9       [1]    FSR0L
0x0FEA       [1]    FSR0H
0x0FEE       [1]    POSTINC0
0x0FF3       [1]    PRODL
0x0FF4       [1]    PRODH
0x0FF5       [1]    TABLAT
0x0FF6       [1]    TBLPTRL
0x0FF7       [1]    TBLPTRH
0x0FF8       [1]    TBLPTRU
//** Constants locations ** 
//ADDRESS    SIZE    CONSTANT
//----------------------------------------------
0x04BC       [5]    ?ICS?lstr2_password
0x04C1      [10]    ?ICS?lstr1_password
0x04CB       [4]    ?ICS_password
0x04CF      [15]    ?ICS_txt2
0x04DE      [17]    ?ICS_txt1
0x04EF       [2]    ?ICS_correct_pass
